[2025-05-08 23:30:26] [INFO] [user-999] Message 976
[2025-05-08 23:30:26] [INFO] [user-999] Message 60
[2025-05-08 23:30:26] [INFO] [req-789] Message 687
[2025-05-08 23:30:26] [INFO] [req-789] Message 405
[2025-05-08 23:30:26] [WARN] [req-123] Message 872
[2025-05-08 23:30:26] [WARN] [req-123] Message 254
[2025-05-08 23:30:26] [INFO] [user-999] Message 75
[2025-05-08 23:30:26] [WARN] [user-456] Message 830
[2025-05-08 23:30:26] [INFO] [user-999] Message 664
[2025-05-08 23:30:26] [ERROR] [req-123] Message 988
[2025-05-08 23:30:26] [WARN] [req-123] Message 544
[2025-05-08 23:30:26] [INFO] [user-999] Message 462
[2025-05-08 23:30:26] [WARN] [user-456] Message 499
[2025-05-08 23:30:26] [WARN] [user-999] Message 925
[2025-05-08 23:30:26] [ERROR] [req-123] Message 387
[2025-05-08 23:30:26] [INFO] [req-789] Message 761
[2025-05-08 23:30:26] [WARN] [req-789] Message 835
[2025-05-08 23:30:26] [WARN] [req-789] Message 127
[2025-05-08 23:30:26] [WARN] [user-456] Message 700
[2025-05-08 23:30:26] [INFO] [req-123] Message 582
[2025-05-08 23:30:26] [INFO] [req-789] Message 82
[2025-05-08 23:30:26] [INFO] [req-789] Message 23
[2025-05-08 23:30:26] [INFO] [req-789] Message 403
[2025-05-08 23:30:26] [ERROR] [req-789] Message 163
[2025-05-08 23:30:26] [ERROR] [user-999] Message 122
[2025-05-08 23:30:26] [ERROR] [user-456] Message 402
[2025-05-08 23:30:26] [WARN] [user-999] Message 529
[2025-05-08 23:30:26] [ERROR] [req-123] Message 196
[2025-05-08 23:30:26] [WARN] [user-999] Message 666
[2025-05-08 23:30:26] [WARN] [user-999] Message 795
[2025-05-08 23:30:26] [INFO] [user-999] Message 115
[2025-05-08 23:30:26] [INFO] [req-789] Message 954
[2025-05-08 23:30:26] [INFO] [user-456] Message 399
[2025-05-08 23:30:26] [INFO] [req-789] Message 955
[2025-05-08 23:30:26] [INFO] [user-999] Message 726
[2025-05-08 23:30:26] [WARN] [user-999] Message 166
[2025-05-08 23:30:26] [INFO] [req-789] Message 861
[2025-05-08 23:30:26] [INFO] [req-123] Message 505
[2025-05-08 23:30:26] [INFO] [user-999] Message 921
[2025-05-08 23:30:26] [WARN] [req-789] Message 563
[2025-05-08 23:30:26] [INFO] [req-789] Message 168
[2025-05-08 23:30:26] [INFO] [user-999] Message 65
[2025-05-08 23:30:26] [ERROR] [req-789] Message 447
[2025-05-08 23:30:26] [WARN] [user-999] Message 996
[2025-05-08 23:30:26] [WARN] [req-789] Message 156
[2025-05-08 23:30:26] [WARN] [req-123] Message 402
[2025-05-08 23:30:26] [WARN] [user-456] Message 791
[2025-05-08 23:30:26] [ERROR] [req-123] Message 484
[2025-05-08 23:30:26] [ERROR] [user-456] Message 346
[2025-05-08 23:30:26] [ERROR] [req-789] Message 279
[2025-05-08 23:30:26] [ERROR] [user-999] Message 206
[2025-05-08 23:30:26] [ERROR] [req-123] Message 141
[2025-05-08 23:30:26] [INFO] [user-999] Message 675
[2025-05-08 23:30:26] [INFO] [req-123] Message 830
[2025-05-08 23:30:26] [WARN] [user-456] Message 116
[2025-05-08 23:30:26] [INFO] [user-456] Message 262
[2025-05-08 23:30:26] [INFO] [req-123] Message 854
[2025-05-08 23:30:26] [ERROR] [user-456] Message 289
[2025-05-08 23:30:26] [ERROR] [user-999] Message 224
[2025-05-08 23:30:26] [WARN] [req-123] Message 752
[2025-05-08 23:30:26] [ERROR] [user-456] Message 859
[2025-05-08 23:30:26] [INFO] [user-999] Message 424
[2025-05-08 23:30:26] [ERROR] [user-999] Message 100
[2025-05-08 23:30:26] [INFO] [req-789] Message 983
[2025-05-08 23:30:26] [WARN] [user-999] Message 381
[2025-05-08 23:30:26] [WARN] [user-456] Message 897
[2025-05-08 23:30:26] [INFO] [req-123] Message 931
[2025-05-08 23:30:26] [WARN] [user-456] Message 689
[2025-05-08 23:30:26] [WARN] [req-123] Message 12
[2025-05-08 23:30:26] [ERROR] [req-123] Message 874
[2025-05-08 23:30:26] [WARN] [user-456] Message 53
[2025-05-08 23:30:26] [ERROR] [req-123] Message 574
[2025-05-08 23:30:26] [ERROR] [user-456] Message 223
[2025-05-08 23:30:26] [WARN] [req-789] Message 904
[2025-05-08 23:30:26] [INFO] [user-456] Message 133
[2025-05-08 23:30:26] [WARN] [user-456] Message 380
[2025-05-08 23:30:26] [WARN] [user-456] Message 590
[2025-05-08 23:30:26] [ERROR] [user-999] Message 121
[2025-05-08 23:30:26] [WARN] [req-789] Message 197
[2025-05-08 23:30:26] [INFO] [user-456] Message 146
[2025-05-08 23:30:26] [INFO] [req-123] Message 429
[2025-05-08 23:30:26] [WARN] [req-123] Message 294
[2025-05-08 23:30:26] [INFO] [req-123] Message 405
[2025-05-08 23:30:26] [ERROR] [req-123] Message 709
[2025-05-08 23:30:26] [ERROR] [req-789] Message 365
[2025-05-08 23:30:26] [INFO] [req-789] Message 850
[2025-05-08 23:30:26] [WARN] [user-999] Message 634
[2025-05-08 23:30:26] [INFO] [user-999] Message 901
[2025-05-08 23:30:26] [INFO] [req-123] Message 695
[2025-05-08 23:30:26] [WARN] [user-456] Message 666
[2025-05-08 23:30:26] [WARN] [user-456] Message 384
[2025-05-08 23:30:26] [WARN] [req-123] Message 202
[2025-05-08 23:30:26] [INFO] [req-789] Message 37
[2025-05-08 23:30:26] [ERROR] [req-123] Message 430
[2025-05-08 23:30:26] [WARN] [req-789] Message 655
[2025-05-08 23:30:26] [WARN] [req-123] Message 406
[2025-05-08 23:30:26] [ERROR] [req-789] Message 528
[2025-05-08 23:30:26] [ERROR] [user-999] Message 440
[2025-05-08 23:30:26] [WARN] [req-123] Message 554
[2025-05-08 23:30:26] [ERROR] [user-999] Message 923
[2025-05-08 23:30:26] [WARN] [user-456] Message 602
[2025-05-08 23:30:26] [WARN] [req-789] Message 816
[2025-05-08 23:30:26] [WARN] [req-123] Message 207
[2025-05-08 23:30:26] [WARN] [req-789] Message 392
[2025-05-08 23:30:26] [ERROR] [user-999] Message 110
[2025-05-08 23:30:26] [WARN] [user-999] Message 484
[2025-05-08 23:30:26] [INFO] [user-999] Message 521
[2025-05-08 23:30:26] [WARN] [user-456] Message 913
[2025-05-08 23:30:26] [ERROR] [req-789] Message 302
[2025-05-08 23:30:26] [ERROR] [user-456] Message 90
[2025-05-08 23:30:26] [WARN] [req-123] Message 352
[2025-05-08 23:30:26] [ERROR] [req-123] Message 52
[2025-05-08 23:30:26] [INFO] [req-789] Message 761
[2025-05-08 23:30:26] [ERROR] [req-123] Message 57
[2025-05-08 23:30:26] [WARN] [user-456] Message 634
[2025-05-08 23:30:26] [ERROR] [req-789] Message 964
[2025-05-08 23:30:26] [INFO] [user-999] Message 841
[2025-05-08 23:30:26] [ERROR] [req-123] Message 882
[2025-05-08 23:30:26] [ERROR] [user-456] Message 627
[2025-05-08 23:30:26] [WARN] [user-456] Message 223
[2025-05-08 23:30:26] [INFO] [user-999] Message 729
[2025-05-08 23:30:26] [INFO] [user-999] Message 868
[2025-05-08 23:30:26] [ERROR] [req-123] Message 971
[2025-05-08 23:30:26] [ERROR] [req-789] Message 959
[2025-05-08 23:30:26] [ERROR] [user-999] Message 861
[2025-05-08 23:30:26] [WARN] [req-123] Message 312
[2025-05-08 23:30:26] [ERROR] [req-123] Message 604
[2025-05-08 23:30:26] [INFO] [user-999] Message 50
[2025-05-08 23:30:26] [ERROR] [user-456] Message 455
[2025-05-08 23:30:26] [INFO] [req-123] Message 738
[2025-05-08 23:30:26] [INFO] [req-789] Message 254
[2025-05-08 23:30:26] [WARN] [user-456] Message 310
[2025-05-08 23:30:26] [ERROR] [req-789] Message 412
[2025-05-08 23:30:26] [INFO] [user-456] Message 549
[2025-05-08 23:30:26] [WARN] [req-123] Message 321
[2025-05-08 23:30:26] [ERROR] [user-456] Message 177
[2025-05-08 23:30:26] [INFO] [user-456] Message 216
[2025-05-08 23:30:26] [WARN] [user-999] Message 788
[2025-05-08 23:30:26] [ERROR] [user-456] Message 724
[2025-05-08 23:30:26] [INFO] [user-999] Message 179
[2025-05-08 23:30:26] [ERROR] [req-123] Message 431
[2025-05-08 23:30:26] [ERROR] [req-789] Message 269
[2025-05-08 23:30:26] [ERROR] [user-999] Message 886
[2025-05-08 23:30:26] [ERROR] [user-456] Message 318
[2025-05-08 23:30:26] [ERROR] [user-456] Message 803
[2025-05-08 23:30:26] [INFO] [user-456] Message 396
[2025-05-08 23:30:26] [ERROR] [user-999] Message 377
[2025-05-08 23:30:26] [INFO] [user-999] Message 808
[2025-05-08 23:30:26] [ERROR] [user-456] Message 817
[2025-05-08 23:30:26] [ERROR] [req-123] Message 355
[2025-05-08 23:30:26] [ERROR] [req-789] Message 729
[2025-05-08 23:30:26] [ERROR] [req-123] Message 751
[2025-05-08 23:30:26] [INFO] [user-999] Message 422
[2025-05-08 23:30:26] [WARN] [user-456] Message 541
[2025-05-08 23:30:26] [INFO] [req-123] Message 279
[2025-05-08 23:30:26] [INFO] [user-999] Message 178
[2025-05-08 23:30:26] [INFO] [req-789] Message 262
[2025-05-08 23:30:26] [INFO] [req-789] Message 656
[2025-05-08 23:30:26] [ERROR] [req-123] Message 433
[2025-05-08 23:30:26] [INFO] [user-999] Message 491
[2025-05-08 23:30:26] [INFO] [req-789] Message 366
[2025-05-08 23:30:26] [INFO] [req-123] Message 485
[2025-05-08 23:30:26] [INFO] [user-999] Message 758
[2025-05-08 23:30:26] [ERROR] [req-123] Message 659
[2025-05-08 23:30:26] [INFO] [req-789] Message 862
[2025-05-08 23:30:26] [WARN] [req-789] Message 645
[2025-05-08 23:30:26] [WARN] [user-999] Message 612
[2025-05-08 23:30:26] [INFO] [user-456] Message 204
[2025-05-08 23:30:26] [WARN] [req-789] Message 334
[2025-05-08 23:30:26] [WARN] [user-999] Message 815
[2025-05-08 23:30:26] [ERROR] [req-789] Message 492
[2025-05-08 23:30:26] [WARN] [user-456] Message 571
[2025-05-08 23:30:26] [INFO] [req-789] Message 853
[2025-05-08 23:30:26] [WARN] [req-789] Message 556
[2025-05-08 23:30:26] [INFO] [user-999] Message 892
[2025-05-08 23:30:26] [WARN] [user-456] Message 551
[2025-05-08 23:30:26] [INFO] [req-789] Message 120
[2025-05-08 23:30:26] [INFO] [user-999] Message 295
[2025-05-08 23:30:26] [WARN] [user-999] Message 7
[2025-05-08 23:30:26] [INFO] [req-123] Message 292
[2025-05-08 23:30:26] [ERROR] [user-999] Message 715
[2025-05-08 23:30:26] [ERROR] [user-456] Message 151
[2025-05-08 23:30:26] [WARN] [req-123] Message 804
[2025-05-08 23:30:26] [INFO] [user-999] Message 412
[2025-05-08 23:30:26] [WARN] [req-789] Message 936
[2025-05-08 23:30:26] [WARN] [req-789] Message 620
[2025-05-08 23:30:26] [WARN] [req-789] Message 160
[2025-05-08 23:30:26] [ERROR] [user-456] Message 736
[2025-05-08 23:30:26] [ERROR] [req-123] Message 549
[2025-05-08 23:30:26] [ERROR] [user-456] Message 216
[2025-05-08 23:30:26] [WARN] [req-123] Message 347
[2025-05-08 23:30:26] [ERROR] [req-789] Message 55
[2025-05-08 23:30:26] [ERROR] [req-123] Message 152
[2025-05-08 23:30:26] [ERROR] [user-456] Message 992
[2025-05-08 23:30:26] [ERROR] [req-789] Message 334
[2025-05-08 23:30:26] [ERROR] [user-456] Message 649
[2025-05-08 23:30:26] [INFO] [req-789] Message 25
[2025-05-08 23:30:26] [ERROR] [user-999] Message 741
[2025-05-08 23:30:26] [INFO] [req-123] Message 255
[2025-05-08 23:30:26] [WARN] [req-789] Message 664
[2025-05-08 23:30:26] [INFO] [req-123] Message 745
[2025-05-08 23:30:26] [WARN] [req-123] Message 265
[2025-05-08 23:30:26] [WARN] [req-123] Message 992
[2025-05-08 23:30:26] [ERROR] [req-123] Message 220
[2025-05-08 23:30:26] [INFO] [req-789] Message 739
[2025-05-08 23:30:26] [INFO] [req-123] Message 560
[2025-05-08 23:30:26] [ERROR] [req-789] Message 284
[2025-05-08 23:30:26] [WARN] [req-123] Message 442
[2025-05-08 23:30:26] [ERROR] [req-123] Message 837
[2025-05-08 23:30:26] [WARN] [user-999] Message 712
[2025-05-08 23:30:26] [WARN] [user-456] Message 915
[2025-05-08 23:30:26] [ERROR] [req-123] Message 86
[2025-05-08 23:30:26] [INFO] [req-123] Message 545
[2025-05-08 23:30:26] [WARN] [req-123] Message 199
[2025-05-08 23:30:26] [INFO] [user-456] Message 420
[2025-05-08 23:30:26] [INFO] [user-999] Message 76
[2025-05-08 23:30:26] [WARN] [user-999] Message 157
[2025-05-08 23:30:26] [ERROR] [user-999] Message 227
[2025-05-08 23:30:26] [WARN] [req-123] Message 116
[2025-05-08 23:30:26] [INFO] [user-456] Message 757
[2025-05-08 23:30:26] [WARN] [req-123] Message 575
[2025-05-08 23:30:26] [INFO] [req-123] Message 67
[2025-05-08 23:30:26] [INFO] [user-456] Message 613
[2025-05-08 23:30:26] [ERROR] [req-789] Message 259
[2025-05-08 23:30:26] [WARN] [req-123] Message 779
[2025-05-08 23:30:26] [ERROR] [user-999] Message 628
[2025-05-08 23:30:26] [INFO] [req-123] Message 537
[2025-05-08 23:30:26] [WARN] [req-789] Message 537
[2025-05-08 23:30:26] [WARN] [req-123] Message 220
[2025-05-08 23:30:26] [WARN] [user-999] Message 749
[2025-05-08 23:30:26] [INFO] [user-456] Message 971
[2025-05-08 23:30:26] [ERROR] [req-789] Message 90
[2025-05-08 23:30:26] [ERROR] [req-789] Message 824
[2025-05-08 23:30:26] [ERROR] [user-999] Message 417
[2025-05-08 23:30:26] [WARN] [req-789] Message 311
[2025-05-08 23:30:26] [WARN] [req-123] Message 425
[2025-05-08 23:30:26] [ERROR] [user-456] Message 391
[2025-05-08 23:30:26] [ERROR] [user-999] Message 213
[2025-05-08 23:30:26] [INFO] [req-123] Message 299
[2025-05-08 23:30:26] [ERROR] [req-123] Message 481
[2025-05-08 23:30:26] [INFO] [user-456] Message 970
[2025-05-08 23:30:26] [ERROR] [req-123] Message 147
[2025-05-08 23:30:26] [ERROR] [req-789] Message 882
[2025-05-08 23:30:26] [INFO] [req-789] Message 177
[2025-05-08 23:30:26] [WARN] [req-123] Message 624
[2025-05-08 23:30:26] [ERROR] [req-789] Message 47
[2025-05-08 23:30:26] [WARN] [user-456] Message 917
[2025-05-08 23:30:26] [ERROR] [user-999] Message 610
[2025-05-08 23:30:26] [ERROR] [user-999] Message 545
[2025-05-08 23:30:26] [INFO] [user-999] Message 501
