[2025-05-08 23:30:26] [INFO] [req-123] Message 261
[2025-05-08 23:30:26] [ERROR] [user-999] Message 786
[2025-05-08 23:30:26] [WARN] [req-123] Message 753
[2025-05-08 23:30:26] [WARN] [user-456] Message 284
[2025-05-08 23:30:26] [ERROR] [user-999] Message 306
[2025-05-08 23:30:26] [WARN] [req-123] Message 815
[2025-05-08 23:30:26] [INFO] [req-789] Message 488
[2025-05-08 23:30:26] [INFO] [user-999] Message 239
[2025-05-08 23:30:26] [ERROR] [user-999] Message 863
[2025-05-08 23:30:26] [WARN] [user-456] Message 177
[2025-05-08 23:30:26] [WARN] [user-456] Message 989
[2025-05-08 23:30:26] [ERROR] [user-999] Message 352
[2025-05-08 23:30:26] [WARN] [req-789] Message 58
[2025-05-08 23:30:26] [ERROR] [req-789] Message 548
[2025-05-08 23:30:26] [ERROR] [req-789] Message 977
[2025-05-08 23:30:26] [ERROR] [req-789] Message 625
[2025-05-08 23:30:26] [WARN] [user-456] Message 665
[2025-05-08 23:30:26] [WARN] [user-999] Message 830
[2025-05-08 23:30:26] [WARN] [user-456] Message 656
[2025-05-08 23:30:26] [WARN] [req-789] Message 221
[2025-05-08 23:30:26] [WARN] [req-789] Message 122
[2025-05-08 23:30:26] [WARN] [req-123] Message 131
[2025-05-08 23:30:26] [WARN] [user-999] Message 138
[2025-05-08 23:30:26] [WARN] [req-123] Message 377
[2025-05-08 23:30:26] [ERROR] [req-123] Message 487
[2025-05-08 23:30:26] [ERROR] [req-123] Message 195
[2025-05-08 23:30:26] [WARN] [req-123] Message 758
[2025-05-08 23:30:26] [ERROR] [req-123] Message 86
[2025-05-08 23:30:26] [INFO] [req-789] Message 657
[2025-05-08 23:30:26] [INFO] [req-123] Message 775
[2025-05-08 23:30:26] [WARN] [req-123] Message 9
[2025-05-08 23:30:26] [ERROR] [req-789] Message 252
[2025-05-08 23:30:26] [ERROR] [req-789] Message 474
[2025-05-08 23:30:26] [WARN] [req-123] Message 377
[2025-05-08 23:30:26] [WARN] [req-789] Message 297
[2025-05-08 23:30:26] [ERROR] [user-456] Message 196
[2025-05-08 23:30:26] [ERROR] [req-789] Message 711
[2025-05-08 23:30:26] [ERROR] [req-123] Message 76
[2025-05-08 23:30:26] [INFO] [req-789] Message 99
[2025-05-08 23:30:26] [ERROR] [user-999] Message 897
[2025-05-08 23:30:26] [ERROR] [user-456] Message 519
[2025-05-08 23:30:26] [ERROR] [req-123] Message 756
[2025-05-08 23:30:26] [INFO] [user-999] Message 900
[2025-05-08 23:30:26] [INFO] [user-999] Message 952
[2025-05-08 23:30:26] [WARN] [user-999] Message 595
[2025-05-08 23:30:26] [WARN] [req-123] Message 190
[2025-05-08 23:30:26] [INFO] [user-999] Message 291
[2025-05-08 23:30:26] [INFO] [user-456] Message 218
[2025-05-08 23:30:26] [INFO] [user-456] Message 486
[2025-05-08 23:30:26] [INFO] [user-456] Message 263
[2025-05-08 23:30:26] [WARN] [req-123] Message 244
[2025-05-08 23:30:26] [ERROR] [req-123] Message 931
[2025-05-08 23:30:26] [ERROR] [user-999] Message 135
[2025-05-08 23:30:26] [ERROR] [req-789] Message 752
[2025-05-08 23:30:26] [ERROR] [user-456] Message 142
[2025-05-08 23:30:26] [WARN] [user-999] Message 415
[2025-05-08 23:30:26] [ERROR] [req-789] Message 370
[2025-05-08 23:30:26] [WARN] [req-123] Message 200
[2025-05-08 23:30:26] [WARN] [req-123] Message 461
[2025-05-08 23:30:26] [WARN] [req-789] Message 14
[2025-05-08 23:30:26] [WARN] [req-789] Message 206
[2025-05-08 23:30:26] [WARN] [req-123] Message 70
[2025-05-08 23:30:26] [ERROR] [user-456] Message 674
[2025-05-08 23:30:26] [ERROR] [req-123] Message 625
[2025-05-08 23:30:26] [INFO] [req-123] Message 375
[2025-05-08 23:30:26] [WARN] [user-999] Message 762
[2025-05-08 23:30:26] [WARN] [req-789] Message 686
[2025-05-08 23:30:26] [INFO] [req-123] Message 500
[2025-05-08 23:30:26] [ERROR] [user-999] Message 949
[2025-05-08 23:30:26] [ERROR] [user-456] Message 276
[2025-05-08 23:30:26] [INFO] [user-999] Message 797
[2025-05-08 23:30:26] [WARN] [user-999] Message 461
[2025-05-08 23:30:26] [WARN] [user-456] Message 982
[2025-05-08 23:30:26] [INFO] [req-789] Message 875
[2025-05-08 23:30:26] [INFO] [user-456] Message 578
[2025-05-08 23:30:26] [INFO] [req-789] Message 632
[2025-05-08 23:30:26] [WARN] [req-123] Message 380
[2025-05-08 23:30:26] [ERROR] [req-789] Message 425
[2025-05-08 23:30:26] [ERROR] [user-999] Message 826
[2025-05-08 23:30:26] [ERROR] [req-123] Message 770
[2025-05-08 23:30:26] [WARN] [user-456] Message 818
[2025-05-08 23:30:26] [ERROR] [user-456] Message 987
[2025-05-08 23:30:26] [INFO] [req-123] Message 981
[2025-05-08 23:30:26] [ERROR] [user-999] Message 966
[2025-05-08 23:30:26] [WARN] [req-789] Message 456
[2025-05-08 23:30:26] [INFO] [user-999] Message 566
[2025-05-08 23:30:26] [INFO] [user-999] Message 185
[2025-05-08 23:30:26] [ERROR] [user-999] Message 424
[2025-05-08 23:30:26] [WARN] [user-999] Message 998
[2025-05-08 23:30:26] [ERROR] [req-789] Message 259
[2025-05-08 23:30:26] [WARN] [req-789] Message 780
[2025-05-08 23:30:26] [ERROR] [req-789] Message 4
[2025-05-08 23:30:26] [WARN] [req-123] Message 474
[2025-05-08 23:30:26] [ERROR] [user-456] Message 872
[2025-05-08 23:30:26] [INFO] [req-789] Message 488
[2025-05-08 23:30:26] [INFO] [req-789] Message 755
[2025-05-08 23:30:26] [INFO] [req-789] Message 445
[2025-05-08 23:30:26] [ERROR] [user-999] Message 541
[2025-05-08 23:30:26] [ERROR] [user-999] Message 497
[2025-05-08 23:30:26] [WARN] [req-123] Message 130
[2025-05-08 23:30:26] [ERROR] [req-789] Message 44
[2025-05-08 23:30:26] [ERROR] [user-456] Message 177
[2025-05-08 23:30:26] [ERROR] [user-999] Message 84
[2025-05-08 23:30:26] [WARN] [user-456] Message 711
[2025-05-08 23:30:26] [ERROR] [req-123] Message 122
[2025-05-08 23:30:26] [INFO] [user-999] Message 753
[2025-05-08 23:30:26] [WARN] [req-789] Message 512
[2025-05-08 23:30:26] [ERROR] [user-456] Message 950
[2025-05-08 23:30:26] [INFO] [user-999] Message 283
[2025-05-08 23:30:26] [WARN] [req-789] Message 402
[2025-05-08 23:30:26] [INFO] [user-456] Message 710
[2025-05-08 23:30:26] [WARN] [user-456] Message 482
[2025-05-08 23:30:26] [ERROR] [user-999] Message 35
[2025-05-08 23:30:26] [INFO] [req-789] Message 163
[2025-05-08 23:30:26] [WARN] [req-789] Message 935
[2025-05-08 23:30:26] [INFO] [req-123] Message 55
[2025-05-08 23:30:26] [INFO] [user-999] Message 403
[2025-05-08 23:30:26] [WARN] [req-789] Message 732
[2025-05-08 23:30:26] [INFO] [req-789] Message 245
[2025-05-08 23:30:26] [ERROR] [req-789] Message 243
[2025-05-08 23:30:26] [INFO] [req-123] Message 138
[2025-05-08 23:30:26] [ERROR] [req-789] Message 761
[2025-05-08 23:30:26] [INFO] [user-456] Message 208
[2025-05-08 23:30:26] [INFO] [req-123] Message 748
[2025-05-08 23:30:26] [INFO] [user-999] Message 161
[2025-05-08 23:30:26] [WARN] [user-999] Message 769
[2025-05-08 23:30:26] [INFO] [user-999] Message 814
[2025-05-08 23:30:26] [ERROR] [user-456] Message 420
[2025-05-08 23:30:26] [ERROR] [user-999] Message 83
[2025-05-08 23:30:26] [WARN] [req-789] Message 423
[2025-05-08 23:30:26] [ERROR] [user-456] Message 547
[2025-05-08 23:30:26] [INFO] [req-123] Message 114
[2025-05-08 23:30:26] [INFO] [req-789] Message 648
[2025-05-08 23:30:26] [ERROR] [user-999] Message 278
[2025-05-08 23:30:26] [WARN] [user-999] Message 568
[2025-05-08 23:30:26] [WARN] [user-999] Message 694
[2025-05-08 23:30:26] [ERROR] [user-999] Message 60
[2025-05-08 23:30:26] [INFO] [req-789] Message 104
[2025-05-08 23:30:26] [INFO] [user-456] Message 293
[2025-05-08 23:30:26] [INFO] [user-456] Message 379
[2025-05-08 23:30:26] [WARN] [user-456] Message 135
[2025-05-08 23:30:26] [WARN] [req-789] Message 539
[2025-05-08 23:30:26] [WARN] [req-123] Message 138
[2025-05-08 23:30:26] [ERROR] [user-456] Message 649
[2025-05-08 23:30:26] [WARN] [user-456] Message 639
[2025-05-08 23:30:26] [WARN] [user-456] Message 719
[2025-05-08 23:30:26] [ERROR] [req-123] Message 881
[2025-05-08 23:30:26] [ERROR] [req-123] Message 138
[2025-05-08 23:30:26] [ERROR] [user-456] Message 806
[2025-05-08 23:30:26] [ERROR] [req-123] Message 640
[2025-05-08 23:30:26] [WARN] [user-999] Message 289
[2025-05-08 23:30:26] [WARN] [req-789] Message 441
[2025-05-08 23:30:26] [INFO] [user-999] Message 954
[2025-05-08 23:30:26] [ERROR] [user-999] Message 579
[2025-05-08 23:30:26] [ERROR] [req-123] Message 103
[2025-05-08 23:30:26] [ERROR] [req-789] Message 248
[2025-05-08 23:30:26] [WARN] [req-789] Message 220
[2025-05-08 23:30:26] [WARN] [req-789] Message 810
[2025-05-08 23:30:26] [INFO] [req-123] Message 727
[2025-05-08 23:30:26] [ERROR] [user-456] Message 362
[2025-05-08 23:30:26] [WARN] [user-999] Message 849
[2025-05-08 23:30:26] [INFO] [req-789] Message 882
[2025-05-08 23:30:26] [ERROR] [user-456] Message 471
[2025-05-08 23:30:26] [WARN] [user-456] Message 832
[2025-05-08 23:30:26] [ERROR] [user-999] Message 823
[2025-05-08 23:30:26] [WARN] [user-456] Message 791
[2025-05-08 23:30:26] [WARN] [user-999] Message 359
[2025-05-08 23:30:26] [WARN] [req-123] Message 125
[2025-05-08 23:30:26] [WARN] [req-789] Message 715
[2025-05-08 23:30:26] [ERROR] [user-456] Message 718
[2025-05-08 23:30:26] [WARN] [req-789] Message 237
[2025-05-08 23:30:26] [INFO] [user-456] Message 486
[2025-05-08 23:30:26] [WARN] [user-999] Message 694
[2025-05-08 23:30:26] [INFO] [user-456] Message 643
[2025-05-08 23:30:26] [ERROR] [req-789] Message 370
[2025-05-08 23:30:26] [ERROR] [req-123] Message 516
[2025-05-08 23:30:26] [ERROR] [user-456] Message 556
[2025-05-08 23:30:26] [INFO] [user-456] Message 770
[2025-05-08 23:30:26] [INFO] [user-999] Message 462
[2025-05-08 23:30:26] [INFO] [req-789] Message 938
[2025-05-08 23:30:26] [ERROR] [req-789] Message 604
[2025-05-08 23:30:26] [INFO] [user-999] Message 890
[2025-05-08 23:30:26] [ERROR] [user-456] Message 96
[2025-05-08 23:30:26] [INFO] [user-456] Message 641
[2025-05-08 23:30:26] [INFO] [user-456] Message 507
[2025-05-08 23:30:26] [WARN] [user-456] Message 301
[2025-05-08 23:30:26] [INFO] [user-456] Message 999
[2025-05-08 23:30:26] [INFO] [user-999] Message 934
[2025-05-08 23:30:26] [ERROR] [req-123] Message 401
[2025-05-08 23:30:26] [ERROR] [user-999] Message 706
[2025-05-08 23:30:26] [WARN] [user-999] Message 256
[2025-05-08 23:30:26] [INFO] [user-999] Message 689
[2025-05-08 23:30:26] [ERROR] [user-456] Message 829
[2025-05-08 23:30:26] [WARN] [req-123] Message 249
[2025-05-08 23:30:26] [ERROR] [req-789] Message 954
[2025-05-08 23:30:26] [ERROR] [req-789] Message 112
[2025-05-08 23:30:26] [INFO] [user-999] Message 731
[2025-05-08 23:30:26] [ERROR] [user-999] Message 558
[2025-05-08 23:30:26] [WARN] [req-123] Message 281
[2025-05-08 23:30:26] [ERROR] [user-456] Message 522
[2025-05-08 23:30:26] [ERROR] [req-123] Message 782
[2025-05-08 23:30:26] [WARN] [user-456] Message 863
[2025-05-08 23:30:26] [INFO] [user-999] Message 304
[2025-05-08 23:30:26] [ERROR] [user-456] Message 586
[2025-05-08 23:30:26] [WARN] [req-123] Message 255
[2025-05-08 23:30:26] [INFO] [user-456] Message 777
[2025-05-08 23:30:26] [WARN] [user-999] Message 598
[2025-05-08 23:30:26] [WARN] [req-789] Message 840
[2025-05-08 23:30:26] [ERROR] [req-123] Message 27
[2025-05-08 23:30:26] [ERROR] [req-123] Message 214
[2025-05-08 23:30:26] [INFO] [user-999] Message 918
[2025-05-08 23:30:26] [WARN] [req-123] Message 373
[2025-05-08 23:30:26] [WARN] [user-456] Message 828
[2025-05-08 23:30:26] [ERROR] [req-789] Message 974
[2025-05-08 23:30:26] [WARN] [user-456] Message 341
[2025-05-08 23:30:26] [ERROR] [req-789] Message 355
[2025-05-08 23:30:26] [ERROR] [req-123] Message 737
[2025-05-08 23:30:26] [WARN] [req-123] Message 534
[2025-05-08 23:30:26] [WARN] [req-789] Message 222
[2025-05-08 23:30:26] [INFO] [user-456] Message 386
[2025-05-08 23:30:26] [WARN] [req-123] Message 818
[2025-05-08 23:30:26] [WARN] [req-123] Message 611
[2025-05-08 23:30:26] [WARN] [req-789] Message 528
[2025-05-08 23:30:26] [INFO] [user-456] Message 578
[2025-05-08 23:30:26] [ERROR] [req-123] Message 97
[2025-05-08 23:30:26] [INFO] [req-789] Message 357
[2025-05-08 23:30:26] [ERROR] [req-123] Message 661
[2025-05-08 23:30:26] [INFO] [req-123] Message 907
[2025-05-08 23:30:26] [INFO] [req-789] Message 583
[2025-05-08 23:30:26] [WARN] [req-789] Message 692
[2025-05-08 23:30:26] [INFO] [user-456] Message 124
[2025-05-08 23:30:26] [ERROR] [req-789] Message 7
[2025-05-08 23:30:26] [WARN] [user-456] Message 863
[2025-05-08 23:30:26] [INFO] [user-456] Message 260
[2025-05-08 23:30:26] [WARN] [user-456] Message 616
[2025-05-08 23:30:26] [INFO] [req-123] Message 66
[2025-05-08 23:30:26] [ERROR] [req-123] Message 824
[2025-05-08 23:30:26] [WARN] [user-456] Message 722
[2025-05-08 23:30:26] [ERROR] [user-999] Message 415
[2025-05-08 23:30:26] [ERROR] [req-123] Message 906
[2025-05-08 23:30:26] [INFO] [req-123] Message 690
[2025-05-08 23:30:26] [WARN] [req-123] Message 151
[2025-05-08 23:30:26] [INFO] [user-456] Message 142
[2025-05-08 23:30:26] [ERROR] [req-789] Message 898
[2025-05-08 23:30:26] [WARN] [user-456] Message 491
[2025-05-08 23:30:26] [WARN] [req-123] Message 681
[2025-05-08 23:30:26] [WARN] [user-456] Message 89
[2025-05-08 23:30:26] [INFO] [req-789] Message 592
[2025-05-08 23:30:26] [INFO] [user-999] Message 279
[2025-05-08 23:30:26] [INFO] [req-123] Message 780
