[2025-05-08 23:30:26] [INFO] [req-123] Message 138
[2025-05-08 23:30:26] [WARN] [user-999] Message 837
[2025-05-08 23:30:26] [INFO] [user-999] Message 715
[2025-05-08 23:30:26] [WARN] [user-999] Message 943
[2025-05-08 23:30:26] [INFO] [user-456] Message 777
[2025-05-08 23:30:26] [ERROR] [user-999] Message 175
[2025-05-08 23:30:26] [INFO] [user-999] Message 718
[2025-05-08 23:30:26] [INFO] [user-999] Message 415
[2025-05-08 23:30:26] [ERROR] [user-456] Message 509
[2025-05-08 23:30:26] [INFO] [req-789] Message 974
[2025-05-08 23:30:26] [ERROR] [user-999] Message 122
[2025-05-08 23:30:26] [INFO] [user-456] Message 493
[2025-05-08 23:30:26] [WARN] [req-123] Message 351
[2025-05-08 23:30:26] [INFO] [user-999] Message 267
[2025-05-08 23:30:26] [WARN] [req-123] Message 904
[2025-05-08 23:30:26] [WARN] [req-123] Message 608
[2025-05-08 23:30:26] [INFO] [user-999] Message 190
[2025-05-08 23:30:26] [ERROR] [user-456] Message 684
[2025-05-08 23:30:26] [INFO] [req-789] Message 819
[2025-05-08 23:30:26] [WARN] [user-456] Message 750
[2025-05-08 23:30:26] [WARN] [user-999] Message 407
[2025-05-08 23:30:26] [INFO] [req-789] Message 380
[2025-05-08 23:30:26] [ERROR] [req-789] Message 138
[2025-05-08 23:30:26] [INFO] [user-456] Message 83
[2025-05-08 23:30:26] [ERROR] [req-123] Message 382
[2025-05-08 23:30:26] [INFO] [req-789] Message 85
[2025-05-08 23:30:26] [ERROR] [user-999] Message 303
[2025-05-08 23:30:26] [ERROR] [req-789] Message 859
[2025-05-08 23:30:26] [ERROR] [req-789] Message 317
[2025-05-08 23:30:26] [WARN] [user-999] Message 716
[2025-05-08 23:30:26] [WARN] [req-789] Message 980
[2025-05-08 23:30:26] [ERROR] [req-123] Message 50
[2025-05-08 23:30:26] [INFO] [req-123] Message 894
[2025-05-08 23:30:26] [INFO] [user-456] Message 591
[2025-05-08 23:30:26] [ERROR] [req-123] Message 694
[2025-05-08 23:30:26] [ERROR] [user-999] Message 621
[2025-05-08 23:30:26] [WARN] [req-789] Message 911
[2025-05-08 23:30:26] [WARN] [user-456] Message 689
[2025-05-08 23:30:26] [WARN] [req-789] Message 780
[2025-05-08 23:30:26] [ERROR] [user-456] Message 550
[2025-05-08 23:30:26] [ERROR] [user-999] Message 295
[2025-05-08 23:30:26] [ERROR] [user-456] Message 892
[2025-05-08 23:30:26] [WARN] [req-789] Message 101
[2025-05-08 23:30:26] [ERROR] [user-999] Message 414
[2025-05-08 23:30:26] [ERROR] [req-789] Message 598
[2025-05-08 23:30:26] [ERROR] [user-999] Message 976
[2025-05-08 23:30:26] [ERROR] [req-789] Message 913
[2025-05-08 23:30:26] [INFO] [req-789] Message 425
[2025-05-08 23:30:26] [INFO] [req-123] Message 794
[2025-05-08 23:30:26] [INFO] [user-456] Message 32
[2025-05-08 23:30:26] [WARN] [req-789] Message 608
[2025-05-08 23:30:26] [INFO] [req-123] Message 739
[2025-05-08 23:30:26] [WARN] [req-789] Message 671
[2025-05-08 23:30:26] [ERROR] [user-999] Message 928
[2025-05-08 23:30:26] [WARN] [user-999] Message 640
[2025-05-08 23:30:26] [ERROR] [user-999] Message 109
[2025-05-08 23:30:26] [WARN] [req-789] Message 723
[2025-05-08 23:30:26] [WARN] [req-123] Message 164
[2025-05-08 23:30:26] [ERROR] [user-456] Message 941
[2025-05-08 23:30:26] [INFO] [user-456] Message 29
[2025-05-08 23:30:26] [ERROR] [user-456] Message 846
[2025-05-08 23:30:26] [WARN] [req-123] Message 712
[2025-05-08 23:30:26] [ERROR] [req-123] Message 423
[2025-05-08 23:30:26] [INFO] [req-123] Message 531
[2025-05-08 23:30:26] [ERROR] [user-456] Message 209
[2025-05-08 23:30:26] [ERROR] [req-789] Message 355
[2025-05-08 23:30:26] [ERROR] [user-456] Message 702
[2025-05-08 23:30:26] [WARN] [req-789] Message 694
[2025-05-08 23:30:26] [WARN] [req-789] Message 403
[2025-05-08 23:30:26] [ERROR] [req-789] Message 993
[2025-05-08 23:30:26] [ERROR] [user-456] Message 441
[2025-05-08 23:30:26] [INFO] [user-456] Message 834
[2025-05-08 23:30:26] [INFO] [req-789] Message 620
[2025-05-08 23:30:26] [ERROR] [user-999] Message 465
[2025-05-08 23:30:26] [INFO] [user-999] Message 822
[2025-05-08 23:30:26] [INFO] [req-123] Message 89
[2025-05-08 23:30:26] [INFO] [user-456] Message 810
[2025-05-08 23:30:26] [WARN] [user-999] Message 788
[2025-05-08 23:30:26] [WARN] [user-999] Message 345
[2025-05-08 23:30:26] [INFO] [req-123] Message 548
[2025-05-08 23:30:26] [INFO] [user-999] Message 67
[2025-05-08 23:30:26] [ERROR] [user-999] Message 958
[2025-05-08 23:30:26] [WARN] [user-999] Message 333
[2025-05-08 23:30:26] [ERROR] [req-789] Message 702
[2025-05-08 23:30:26] [INFO] [req-789] Message 238
[2025-05-08 23:30:26] [ERROR] [req-789] Message 620
[2025-05-08 23:30:26] [WARN] [req-789] Message 608
[2025-05-08 23:30:26] [ERROR] [req-123] Message 623
[2025-05-08 23:30:26] [WARN] [req-789] Message 800
[2025-05-08 23:30:26] [ERROR] [user-999] Message 660
[2025-05-08 23:30:26] [WARN] [req-123] Message 226
[2025-05-08 23:30:26] [INFO] [req-789] Message 584
[2025-05-08 23:30:26] [WARN] [req-789] Message 799
[2025-05-08 23:30:26] [ERROR] [user-456] Message 157
[2025-05-08 23:30:26] [ERROR] [user-456] Message 436
[2025-05-08 23:30:26] [ERROR] [req-789] Message 86
[2025-05-08 23:30:26] [INFO] [req-123] Message 414
[2025-05-08 23:30:26] [WARN] [req-123] Message 505
[2025-05-08 23:30:26] [ERROR] [req-789] Message 625
[2025-05-08 23:30:26] [WARN] [user-999] Message 250
[2025-05-08 23:30:26] [WARN] [req-789] Message 166
[2025-05-08 23:30:26] [ERROR] [user-456] Message 124
[2025-05-08 23:30:26] [INFO] [req-123] Message 728
[2025-05-08 23:30:26] [WARN] [req-123] Message 767
[2025-05-08 23:30:26] [ERROR] [user-456] Message 737
[2025-05-08 23:30:26] [INFO] [req-123] Message 682
[2025-05-08 23:30:26] [ERROR] [req-789] Message 796
[2025-05-08 23:30:26] [INFO] [req-123] Message 454
[2025-05-08 23:30:26] [INFO] [req-789] Message 902
[2025-05-08 23:30:26] [INFO] [user-456] Message 691
[2025-05-08 23:30:26] [INFO] [user-999] Message 952
[2025-05-08 23:30:26] [INFO] [user-999] Message 85
[2025-05-08 23:30:26] [WARN] [user-456] Message 213
[2025-05-08 23:30:26] [INFO] [req-789] Message 176
[2025-05-08 23:30:26] [INFO] [req-123] Message 385
[2025-05-08 23:30:26] [INFO] [req-123] Message 200
[2025-05-08 23:30:26] [WARN] [req-123] Message 990
[2025-05-08 23:30:26] [ERROR] [user-999] Message 994
[2025-05-08 23:30:26] [WARN] [user-999] Message 609
[2025-05-08 23:30:26] [WARN] [req-123] Message 183
[2025-05-08 23:30:26] [ERROR] [user-456] Message 665
[2025-05-08 23:30:26] [WARN] [req-123] Message 451
[2025-05-08 23:30:26] [INFO] [user-456] Message 727
[2025-05-08 23:30:26] [WARN] [user-456] Message 335
[2025-05-08 23:30:26] [WARN] [req-123] Message 958
[2025-05-08 23:30:26] [WARN] [req-789] Message 775
[2025-05-08 23:30:26] [INFO] [user-999] Message 615
[2025-05-08 23:30:26] [WARN] [req-123] Message 120
[2025-05-08 23:30:26] [WARN] [req-789] Message 211
[2025-05-08 23:30:26] [WARN] [user-999] Message 293
[2025-05-08 23:30:26] [ERROR] [user-456] Message 140
[2025-05-08 23:30:26] [WARN] [req-789] Message 235
[2025-05-08 23:30:26] [ERROR] [req-123] Message 680
[2025-05-08 23:30:26] [ERROR] [user-456] Message 443
[2025-05-08 23:30:26] [ERROR] [user-999] Message 566
[2025-05-08 23:30:26] [ERROR] [req-123] Message 467
[2025-05-08 23:30:26] [ERROR] [req-123] Message 2
[2025-05-08 23:30:26] [ERROR] [req-123] Message 518
[2025-05-08 23:30:26] [INFO] [user-456] Message 374
[2025-05-08 23:30:26] [WARN] [user-999] Message 983
[2025-05-08 23:30:26] [INFO] [req-789] Message 938
[2025-05-08 23:30:26] [WARN] [req-123] Message 272
[2025-05-08 23:30:26] [ERROR] [user-999] Message 914
[2025-05-08 23:30:26] [WARN] [user-456] Message 52
[2025-05-08 23:30:26] [WARN] [user-999] Message 692
[2025-05-08 23:30:26] [INFO] [user-456] Message 301
[2025-05-08 23:30:26] [WARN] [req-789] Message 815
[2025-05-08 23:30:26] [ERROR] [user-456] Message 930
[2025-05-08 23:30:26] [ERROR] [req-789] Message 993
[2025-05-08 23:30:26] [INFO] [user-999] Message 796
[2025-05-08 23:30:26] [INFO] [req-123] Message 511
[2025-05-08 23:30:26] [INFO] [user-999] Message 758
[2025-05-08 23:30:26] [INFO] [user-456] Message 632
[2025-05-08 23:30:26] [ERROR] [req-123] Message 316
[2025-05-08 23:30:26] [WARN] [user-999] Message 52
[2025-05-08 23:30:26] [ERROR] [req-123] Message 935
[2025-05-08 23:30:26] [ERROR] [user-456] Message 380
[2025-05-08 23:30:26] [WARN] [req-123] Message 543
[2025-05-08 23:30:26] [ERROR] [req-789] Message 491
[2025-05-08 23:30:26] [WARN] [user-456] Message 143
[2025-05-08 23:30:26] [ERROR] [req-123] Message 760
[2025-05-08 23:30:26] [INFO] [user-999] Message 616
[2025-05-08 23:30:26] [ERROR] [req-123] Message 363
[2025-05-08 23:30:26] [WARN] [req-123] Message 796
[2025-05-08 23:30:26] [ERROR] [req-123] Message 97
[2025-05-08 23:30:26] [WARN] [req-789] Message 181
[2025-05-08 23:30:26] [ERROR] [req-789] Message 510
[2025-05-08 23:30:26] [ERROR] [user-456] Message 148
[2025-05-08 23:30:26] [INFO] [req-789] Message 964
[2025-05-08 23:30:26] [ERROR] [req-123] Message 107
[2025-05-08 23:30:26] [WARN] [req-789] Message 74
[2025-05-08 23:30:26] [INFO] [user-456] Message 328
[2025-05-08 23:30:26] [ERROR] [req-123] Message 629
[2025-05-08 23:30:26] [INFO] [user-999] Message 148
[2025-05-08 23:30:26] [ERROR] [user-456] Message 887
[2025-05-08 23:30:26] [WARN] [req-123] Message 729
[2025-05-08 23:30:26] [INFO] [user-999] Message 319
[2025-05-08 23:30:26] [WARN] [req-789] Message 891
[2025-05-08 23:30:26] [INFO] [user-999] Message 811
[2025-05-08 23:30:26] [WARN] [req-123] Message 627
[2025-05-08 23:30:26] [WARN] [user-456] Message 856
[2025-05-08 23:30:26] [ERROR] [user-999] Message 587
[2025-05-08 23:30:26] [WARN] [user-999] Message 430
[2025-05-08 23:30:26] [ERROR] [req-123] Message 446
[2025-05-08 23:30:26] [WARN] [req-789] Message 153
[2025-05-08 23:30:26] [ERROR] [user-999] Message 50
[2025-05-08 23:30:26] [ERROR] [user-999] Message 989
[2025-05-08 23:30:26] [ERROR] [user-999] Message 862
[2025-05-08 23:30:26] [ERROR] [user-999] Message 867
[2025-05-08 23:30:26] [WARN] [user-456] Message 180
[2025-05-08 23:30:26] [WARN] [user-456] Message 57
[2025-05-08 23:30:26] [ERROR] [user-999] Message 825
[2025-05-08 23:30:26] [ERROR] [user-456] Message 461
[2025-05-08 23:30:26] [INFO] [req-789] Message 985
[2025-05-08 23:30:26] [WARN] [req-789] Message 214
[2025-05-08 23:30:26] [ERROR] [user-999] Message 625
[2025-05-08 23:30:26] [ERROR] [user-456] Message 166
[2025-05-08 23:30:26] [ERROR] [req-789] Message 502
[2025-05-08 23:30:26] [ERROR] [req-789] Message 39
[2025-05-08 23:30:26] [WARN] [req-123] Message 470
[2025-05-08 23:30:26] [WARN] [req-123] Message 336
[2025-05-08 23:30:26] [ERROR] [user-456] Message 481
[2025-05-08 23:30:26] [WARN] [req-789] Message 516
[2025-05-08 23:30:26] [WARN] [req-789] Message 872
[2025-05-08 23:30:26] [ERROR] [user-456] Message 296
[2025-05-08 23:30:26] [ERROR] [user-456] Message 958
[2025-05-08 23:30:26] [ERROR] [req-789] Message 344
[2025-05-08 23:30:26] [WARN] [user-456] Message 913
[2025-05-08 23:30:26] [WARN] [user-999] Message 817
[2025-05-08 23:30:26] [WARN] [req-789] Message 510
[2025-05-08 23:30:26] [WARN] [req-123] Message 280
[2025-05-08 23:30:26] [WARN] [req-789] Message 486
[2025-05-08 23:30:26] [INFO] [user-999] Message 863
[2025-05-08 23:30:26] [WARN] [user-456] Message 695
[2025-05-08 23:30:26] [ERROR] [req-789] Message 198
[2025-05-08 23:30:26] [ERROR] [user-456] Message 876
[2025-05-08 23:30:26] [INFO] [req-789] Message 687
[2025-05-08 23:30:26] [WARN] [user-999] Message 408
[2025-05-08 23:30:26] [INFO] [req-123] Message 16
[2025-05-08 23:30:26] [INFO] [req-123] Message 115
[2025-05-08 23:30:26] [ERROR] [req-123] Message 212
[2025-05-08 23:30:26] [INFO] [user-999] Message 57
[2025-05-08 23:30:26] [WARN] [req-123] Message 860
[2025-05-08 23:30:26] [ERROR] [user-456] Message 939
[2025-05-08 23:30:26] [ERROR] [user-999] Message 741
[2025-05-08 23:30:26] [INFO] [req-789] Message 682
[2025-05-08 23:30:26] [WARN] [user-999] Message 984
[2025-05-08 23:30:26] [INFO] [req-789] Message 468
[2025-05-08 23:30:26] [WARN] [req-123] Message 856
[2025-05-08 23:30:26] [ERROR] [req-123] Message 145
[2025-05-08 23:30:26] [INFO] [user-999] Message 310
[2025-05-08 23:30:26] [INFO] [req-123] Message 889
[2025-05-08 23:30:26] [ERROR] [user-456] Message 374
[2025-05-08 23:30:26] [ERROR] [user-456] Message 103
[2025-05-08 23:30:26] [WARN] [user-456] Message 298
[2025-05-08 23:30:26] [WARN] [req-123] Message 743
[2025-05-08 23:30:26] [INFO] [user-999] Message 870
[2025-05-08 23:30:26] [INFO] [req-123] Message 322
[2025-05-08 23:30:26] [INFO] [req-789] Message 895
[2025-05-08 23:30:26] [INFO] [user-456] Message 377
[2025-05-08 23:30:26] [INFO] [user-456] Message 303
[2025-05-08 23:30:26] [INFO] [user-456] Message 877
[2025-05-08 23:30:26] [INFO] [user-999] Message 9
[2025-05-08 23:30:26] [ERROR] [req-123] Message 213
[2025-05-08 23:30:26] [ERROR] [req-789] Message 46
[2025-05-08 23:30:26] [ERROR] [req-789] Message 864
[2025-05-08 23:30:26] [WARN] [user-456] Message 753
[2025-05-08 23:30:26] [INFO] [user-999] Message 455
[2025-05-08 23:30:26] [ERROR] [req-789] Message 207
[2025-05-08 23:30:26] [INFO] [user-456] Message 313
